# JRE version: Java(TM) SE Runtime Environment (8.0_40-b26) (build 1.8.0_40-b26)
# Java VM: Java HotSpot(TM) 64-Bit Server VM (25.40-b25 mixed mode windows-amd64 compressed oops)
Heap:
 PSYoungGen      total 165888K, used 132704K [0x00000000d5d80000, 0x00000000e3900000, 0x0000000100000000)
  eden space 152064K, 87% used [0x00000000d5d80000,0x00000000ddf18258,0x00000000df200000)
  from space 13824K, 0% used [0x00000000e0080000,0x00000000e0080000,0x00000000e0e00000)
  to   space 14848K, 0% used [0x00000000df200000,0x00000000df200000,0x00000000e0080000)
 ParOldGen       total 104448K, used 19528K [0x0000000081800000, 0x0000000087e00000, 0x00000000d5d80000)
  object space 104448K, 18% used [0x0000000081800000,0x0000000082b12198,0x0000000087e00000)
 Metaspace       used 40046K, capacity 40350K, committed 40792K, reserved 1085440K
  class space    used 5298K, capacity 5388K, committed 5504K, reserved 1048576K
GC Heap History (10 events):
Event: 1.678 GC heap before
{Heap before GC invocations=6 (full 1):
 PSYoungGen      total 71680K, used 5112K [0x00000000d5d80000, 0x00000000df180000, 0x0000000100000000)
  eden space 66560K, 0% used [0x00000000d5d80000,0x00000000d5d80000,0x00000000d9e80000)
  from space 5120K, 99% used [0x00000000d9e80000,0x00000000da37e310,0x00000000da380000)
  to   space 9216K, 0% used [0x00000000de880000,0x00000000de880000,0x00000000df180000)
 ParOldGen       total 87552K, used 10674K [0x0000000081800000, 0x0000000086d80000, 0x00000000d5d80000)
  object space 87552K, 12% used [0x0000000081800000,0x000000008226cbf0,0x0000000086d80000)
 Metaspace       used 20868K, capacity 21172K, committed 21248K, reserved 1067008K
  class space    used 2705K, capacity 2809K, committed 2816K, reserved 1048576K
Event: 1.713 GC heap after
Heap after GC invocations=6 (full 1):
 PSYoungGen      total 71680K, used 0K [0x00000000d5d80000, 0x00000000df180000, 0x0000000100000000)
  eden space 66560K, 0% used [0x00000000d5d80000,0x00000000d5d80000,0x00000000d9e80000)
  from space 5120K, 0% used [0x00000000d9e80000,0x00000000d9e80000,0x00000000da380000)
  to   space 9216K, 0% used [0x00000000de880000,0x00000000de880000,0x00000000df180000)
 ParOldGen       total 61952K, used 8850K [0x0000000081800000, 0x0000000085480000, 0x00000000d5d80000)
  object space 61952K, 14% used [0x0000000081800000,0x00000000820a4bb0,0x0000000085480000)
 Metaspace       used 20868K, capacity 21172K, committed 21248K, reserved 1067008K
  class space    used 2705K, capacity 2809K, committed 2816K, reserved 1048576K
}
Event: 2.079 GC heap before
{Heap before GC invocations=7 (full 1):
 PSYoungGen      total 71680K, used 66560K [0x00000000d5d80000, 0x00000000df180000, 0x0000000100000000)
  eden space 66560K, 100% used [0x00000000d5d80000,0x00000000d9e80000,0x00000000d9e80000)
  from space 5120K, 0% used [0x00000000d9e80000,0x00000000d9e80000,0x00000000da380000)
  to   space 9216K, 0% used [0x00000000de880000,0x00000000de880000,0x00000000df180000)
 ParOldGen       total 61952K, used 8850K [0x0000000081800000, 0x0000000085480000, 0x00000000d5d80000)
  object space 61952K, 14% used [0x0000000081800000,0x00000000820a4bb0,0x0000000085480000)
 Metaspace       used 24359K, capacity 24658K, committed 24832K, reserved 1071104K
  class space    used 3168K, capacity 3262K, committed 3328K, reserved 1048576K
Event: 2.086 GC heap after
Heap after GC invocations=7 (full 1):
 PSYoungGen      total 111104K, used 8738K [0x00000000d5d80000, 0x00000000df180000, 0x0000000100000000)
  eden space 101888K, 0% used [0x00000000d5d80000,0x00000000d5d80000,0x00000000dc100000)
  from space 9216K, 94% used [0x00000000de880000,0x00000000df1088e0,0x00000000df180000)
  to   space 9728K, 0% used [0x00000000dde80000,0x00000000dde80000,0x00000000de800000)
 ParOldGen       total 61952K, used 8858K [0x0000000081800000, 0x0000000085480000, 0x00000000d5d80000)
  object space 61952K, 14% used [0x0000000081800000,0x00000000820a6bb0,0x0000000085480000)
 Metaspace       used 24359K, capacity 24658K, committed 24832K, reserved 1071104K
  class space    used 3168K, capacity 3262K, committed 3328K, reserved 1048576K
}
Event: 2.831 GC heap before
{Heap before GC invocations=8 (full 1):
 PSYoungGen      total 111104K, used 110626K [0x00000000d5d80000, 0x00000000df180000, 0x0000000100000000)
  eden space 101888K, 100% used [0x00000000d5d80000,0x00000000dc100000,0x00000000dc100000)
  from space 9216K, 94% used [0x00000000de880000,0x00000000df1088e0,0x00000000df180000)
  to   space 9728K, 0% used [0x00000000dde80000,0x00000000dde80000,0x00000000de800000)
 ParOldGen       total 61952K, used 8858K [0x0000000081800000, 0x0000000085480000, 0x00000000d5d80000)
  object space 61952K, 14% used [0x0000000081800000,0x00000000820a6bb0,0x0000000085480000)
 Metaspace       used 32817K, capacity 33200K, committed 33664K, reserved 1079296K
  class space    used 4318K, capacity 4419K, committed 4480K, reserved 1048576K
Event: 2.842 GC heap after
Heap after GC invocations=8 (full 1):
 PSYoungGen      total 141824K, used 9718K [0x00000000d5d80000, 0x00000000e0e00000, 0x0000000100000000)
  eden space 132096K, 0% used [0x00000000d5d80000,0x00000000d5d80000,0x00000000dde80000)
  from space 9728K, 99% used [0x00000000dde80000,0x00000000de7fd968,0x00000000de800000)
  to   space 13824K, 0% used [0x00000000e0080000,0x00000000e0080000,0x00000000e0e00000)
 ParOldGen       total 61952K, used 14813K [0x0000000081800000, 0x0000000085480000, 0x00000000d5d80000)
  object space 61952K, 23% used [0x0000000081800000,0x00000000826777a0,0x0000000085480000)
 Metaspace       used 32817K, capacity 33200K, committed 33664K, reserved 1079296K
  class space    used 4318K, capacity 4419K, committed 4480K, reserved 1048576K
}
Event: 3.545 GC heap before
{Heap before GC invocations=9 (full 1):
 PSYoungGen      total 141824K, used 34958K [0x00000000d5d80000, 0x00000000e0e00000, 0x0000000100000000)
  eden space 132096K, 19% used [0x00000000d5d80000,0x00000000d7626060,0x00000000dde80000)
  from space 9728K, 99% used [0x00000000dde80000,0x00000000de7fd968,0x00000000de800000)
  to   space 13824K, 0% used [0x00000000e0080000,0x00000000e0080000,0x00000000e0e00000)
 ParOldGen       total 61952K, used 14813K [0x0000000081800000, 0x0000000085480000, 0x00000000d5d80000)
  object space 61952K, 23% used [0x0000000081800000,0x00000000826777a0,0x0000000085480000)
 Metaspace       used 34841K, capacity 35132K, committed 35416K, reserved 1079296K
  class space    used 4583K, capacity 4677K, committed 4736K, reserved 1048576K
Event: 3.554 GC heap after
Heap after GC invocations=9 (full 1):
 PSYoungGen      total 165888K, used 11993K [0x00000000d5d80000, 0x00000000e3900000, 0x0000000100000000)
  eden space 152064K, 0% used [0x00000000d5d80000,0x00000000d5d80000,0x00000000df200000)
  from space 13824K, 86% used [0x00000000e0080000,0x00000000e0c36690,0x00000000e0e00000)
  to   space 14848K, 0% used [0x00000000df200000,0x00000000df200000,0x00000000e0080000)
 ParOldGen       total 61952K, used 14821K [0x0000000081800000, 0x0000000085480000, 0x00000000d5d80000)
  object space 61952K, 23% used [0x0000000081800000,0x00000000826797a0,0x0000000085480000)
 Metaspace       used 34841K, capacity 35132K, committed 35416K, reserved 1079296K
  class space    used 4583K, capacity 4677K, committed 4736K, reserved 1048576K
}
Event: 3.554 GC heap before
{Heap before GC invocations=10 (full 2):
 PSYoungGen      total 165888K, used 11993K [0x00000000d5d80000, 0x00000000e3900000, 0x0000000100000000)
  eden space 152064K, 0% used [0x00000000d5d80000,0x00000000d5d80000,0x00000000df200000)
  from space 13824K, 86% used [0x00000000e0080000,0x00000000e0c36690,0x00000000e0e00000)
  to   space 14848K, 0% used [0x00000000df200000,0x00000000df200000,0x00000000e0080000)
 ParOldGen       total 61952K, used 14821K [0x0000000081800000, 0x0000000085480000, 0x00000000d5d80000)
  object space 61952K, 23% used [0x0000000081800000,0x00000000826797a0,0x0000000085480000)
 Metaspace       used 34841K, capacity 35132K, committed 35416K, reserved 1079296K
  class space    used 4583K, capacity 4677K, committed 4736K, reserved 1048576K
Event: 3.629 GC heap after
Heap after GC invocations=10 (full 2):
 PSYoungGen      total 165888K, used 0K [0x00000000d5d80000, 0x00000000e3900000, 0x0000000100000000)
  eden space 152064K, 0% used [0x00000000d5d80000,0x00000000d5d80000,0x00000000df200000)
  from space 13824K, 0% used [0x00000000e0080000,0x00000000e0080000,0x00000000e0e00000)
  to   space 14848K, 0% used [0x00000000df200000,0x00000000df200000,0x00000000e0080000)
 ParOldGen       total 104448K, used 19528K [0x0000000081800000, 0x0000000087e00000, 0x00000000d5d80000)
  object space 104448K, 18% used [0x0000000081800000,0x0000000082b12198,0x0000000087e00000)
 Metaspace       used 34841K, capacity 35132K, committed 35416K, reserved 1079296K
  class space    used 4583K, capacity 4677K, committed 4736K, reserved 1048576K
}

